2024-07-10 17:57:56,394 INFO o.a.j.u.JMeterUtils: Setting Locale to en_EN
2024-07-10 17:57:56,480 INFO o.a.j.JMeter: Loading user properties from: C:\Users\SENS\Downloads\apache-jmeter-5.6.3\apache-jmeter-5.6.3\bin\user.properties
2024-07-10 17:57:56,483 INFO o.a.j.JMeter: Loading system properties from: C:\Users\SENS\Downloads\apache-jmeter-5.6.3\apache-jmeter-5.6.3\bin\system.properties
2024-07-10 17:57:56,521 INFO o.a.j.JMeter: Copyright (c) 1998-2024 The Apache Software Foundation
2024-07-10 17:57:56,522 INFO o.a.j.JMeter: Version 5.6.3
2024-07-10 17:57:56,523 INFO o.a.j.JMeter: java.version=17.0.11
2024-07-10 17:57:56,524 INFO o.a.j.JMeter: java.vm.name=Java HotSpot(TM) 64-Bit Server VM
2024-07-10 17:57:56,524 INFO o.a.j.JMeter: os.name=Windows 10
2024-07-10 17:57:56,525 INFO o.a.j.JMeter: os.arch=amd64
2024-07-10 17:57:56,525 INFO o.a.j.JMeter: os.version=10.0
2024-07-10 17:57:56,526 INFO o.a.j.JMeter: file.encoding=MS949
2024-07-10 17:57:56,527 INFO o.a.j.JMeter: java.awt.headless=true
2024-07-10 17:57:56,527 INFO o.a.j.JMeter: Max memory     =1073741824
2024-07-10 17:57:56,527 INFO o.a.j.JMeter: Available Processors =2
2024-07-10 17:57:56,566 INFO o.a.j.JMeter: Default Locale=English (EN)
2024-07-10 17:57:56,568 INFO o.a.j.JMeter: JMeter  Locale=English (EN)
2024-07-10 17:57:56,569 INFO o.a.j.JMeter: JMeterHome=C:\Users\SENS\Downloads\apache-jmeter-5.6.3\apache-jmeter-5.6.3
2024-07-10 17:57:56,569 INFO o.a.j.JMeter: user.dir  =C:\apache-jmeter-5.6.3\apache-jmeter-5.6.3\bin\class_test_file\dmoney_load_tst_jmeter
2024-07-10 17:57:56,571 INFO o.a.j.JMeter: PWD       =C:\apache-jmeter-5.6.3\apache-jmeter-5.6.3\bin\class_test_file\dmoney_load_tst_jmeter
2024-07-10 17:57:56,574 INFO o.a.j.JMeter: IP: 192.168.1.33 Name: DESKTOP-503DDP8 FullName: DESKTOP-503DDP8
2024-07-10 17:57:56,638 INFO o.a.j.JMeter: Setting property 'jmeter.reportgenerator.outputdir' to:'C:\apache-jmeter-5.6.3\apache-jmeter-5.6.3\bin\class_test_file\dmoney_load_tst_jmeter\Reports'
2024-07-10 17:57:56,647 INFO o.a.j.s.FileServer: Default base='C:\apache-jmeter-5.6.3\apache-jmeter-5.6.3\bin\class_test_file\dmoney_load_tst_jmeter'
2024-07-10 17:57:56,660 INFO o.a.j.s.FileServer: Set new base='C:\apache-jmeter-5.6.3\apache-jmeter-5.6.3\bin\class_test_file\dmoney_load_tst_jmeter\.'
2024-07-10 17:57:57,862 INFO o.a.j.s.SaveService: Testplan (JMX) version: 2.2. Testlog (JTL) version: 2.2
2024-07-10 17:57:58,015 INFO o.a.j.s.SaveService: Using SaveService properties version 5.0
2024-07-10 17:57:58,030 INFO o.a.j.s.SaveService: Using SaveService properties file encoding UTF-8
2024-07-10 17:57:58,056 INFO o.a.j.s.SaveService: Loading file: .\dmoney-load-test.jmx
2024-07-10 17:57:58,328 INFO o.a.j.p.h.s.HTTPSamplerBase: Parser for text/html is org.apache.jmeter.protocol.http.parser.LagartoBasedHtmlParser
2024-07-10 17:57:58,329 INFO o.a.j.p.h.s.HTTPSamplerBase: Parser for application/xhtml+xml is org.apache.jmeter.protocol.http.parser.LagartoBasedHtmlParser
2024-07-10 17:57:58,329 INFO o.a.j.p.h.s.HTTPSamplerBase: Parser for application/xml is org.apache.jmeter.protocol.http.parser.LagartoBasedHtmlParser
2024-07-10 17:57:58,329 INFO o.a.j.p.h.s.HTTPSamplerBase: Parser for text/xml is org.apache.jmeter.protocol.http.parser.LagartoBasedHtmlParser
2024-07-10 17:57:58,330 INFO o.a.j.p.h.s.HTTPSamplerBase: Parser for text/vnd.wap.wml is org.apache.jmeter.protocol.http.parser.RegexpHTMLParser
2024-07-10 17:57:58,330 INFO o.a.j.p.h.s.HTTPSamplerBase: Parser for text/css is org.apache.jmeter.protocol.http.parser.CssParser
2024-07-10 17:57:58,558 INFO o.a.j.JMeter: Creating summariser <summary>
2024-07-10 17:57:58,575 INFO o.a.j.r.d.ReportGenerator: ReportGenerator will use for Parsing the separator: ','
2024-07-10 17:57:58,576 INFO o.a.j.r.d.ReportGenerator: Will generate report at end of test from  results file: .\dmoney-load-test.jtl
2024-07-10 17:57:58,576 INFO o.a.j.r.d.ReportGenerator: Reading report generator properties from: C:\Users\SENS\Downloads\apache-jmeter-5.6.3\apache-jmeter-5.6.3\bin\reportgenerator.properties
2024-07-10 17:57:58,578 INFO o.a.j.r.d.ReportGenerator: Merging with JMeter properties
2024-07-10 17:57:58,594 INFO o.a.j.r.c.ReportGeneratorConfiguration: Property 'jmeter.reportgenerator.temp_dir' not found, using default value 'temp' instead.
2024-07-10 17:57:58,609 INFO o.a.j.r.c.ReportGeneratorConfiguration: Property 'jmeter.reportgenerator.apdex_per_transaction' not found, using default value 'null' instead.
2024-07-10 17:57:58,610 INFO o.a.j.r.c.ReportGeneratorConfiguration: apdex_per_transaction is empty, not APDEX per transaction customization
2024-07-10 17:57:58,611 INFO o.a.j.r.c.ReportGeneratorConfiguration: Property 'jmeter.reportgenerator.sample_filter' not found, using default value 'null' instead.
2024-07-10 17:57:58,611 INFO o.a.j.r.c.ReportGeneratorConfiguration: Property 'jmeter.reportgenerator.report_title' not found, using default value 'null' instead.
2024-07-10 17:57:58,611 INFO o.a.j.r.c.ReportGeneratorConfiguration: Property 'jmeter.reportgenerator.start_date' not found, using default value 'null' instead.
2024-07-10 17:57:58,612 INFO o.a.j.r.c.ReportGeneratorConfiguration: Property 'jmeter.reportgenerator.end_date' not found, using default value 'null' instead.
2024-07-10 17:57:58,612 INFO o.a.j.r.c.ReportGeneratorConfiguration: Property 'jmeter.reportgenerator.date_format' not found, using default value 'null' instead.
2024-07-10 17:57:58,613 INFO o.a.j.r.c.ReportGeneratorConfiguration: Will use date range start date: null, end date: null
2024-07-10 17:57:58,627 INFO o.a.j.r.c.ReportGeneratorConfiguration: Property 'jmeter.reportgenerator.graph.totalTPS.exclude_controllers' not found, using default value 'false' instead.
2024-07-10 17:57:58,628 INFO o.a.j.r.c.ReportGeneratorConfiguration: Property 'jmeter.reportgenerator.graph.activeThreadsOverTime.exclude_controllers' not found, using default value 'false' instead.
2024-07-10 17:57:58,628 INFO o.a.j.r.c.ReportGeneratorConfiguration: Property 'jmeter.reportgenerator.graph.timeVsThreads.exclude_controllers' not found, using default value 'false' instead.
2024-07-10 17:57:58,631 INFO o.a.j.r.c.ReportGeneratorConfiguration: Property 'jmeter.reportgenerator.graph.responseTimeDistribution.exclude_controllers' not found, using default value 'false' instead.
2024-07-10 17:57:58,632 INFO o.a.j.r.c.ReportGeneratorConfiguration: Property 'jmeter.reportgenerator.graph.transactionsPerSecond.exclude_controllers' not found, using default value 'false' instead.
2024-07-10 17:57:58,633 INFO o.a.j.r.c.ReportGeneratorConfiguration: Property 'jmeter.reportgenerator.graph.responseTimePercentiles.exclude_controllers' not found, using default value 'false' instead.
2024-07-10 17:57:58,633 INFO o.a.j.r.c.ReportGeneratorConfiguration: Property 'jmeter.reportgenerator.graph.responseTimePercentilesOverTime.exclude_controllers' not found, using default value 'false' instead.
2024-07-10 17:57:58,634 INFO o.a.j.r.c.ReportGeneratorConfiguration: Property 'jmeter.reportgenerator.graph.responseTimesOverTime.exclude_controllers' not found, using default value 'false' instead.
2024-07-10 17:57:58,637 INFO o.a.j.r.c.ReportGeneratorConfiguration: Property 'jmeter.reportgenerator.graph.connectTimeOverTime.exclude_controllers' not found, using default value 'false' instead.
2024-07-10 17:57:58,638 INFO o.a.j.r.c.ReportGeneratorConfiguration: Property 'jmeter.reportgenerator.graph.latenciesOverTime.exclude_controllers' not found, using default value 'false' instead.
2024-07-10 17:57:58,642 INFO o.a.j.r.c.ReportGeneratorConfiguration: Property 'jmeter.reportgenerator.exporter.json.filters_only_sample_series' not found, using default value 'true' instead.
2024-07-10 17:57:58,642 INFO o.a.j.r.c.ReportGeneratorConfiguration: Property 'jmeter.reportgenerator.exporter.json.series_filter' not found, using default value '' instead.
2024-07-10 17:57:58,642 INFO o.a.j.r.c.ReportGeneratorConfiguration: Property 'jmeter.reportgenerator.exporter.json.show_controllers_only' not found, using default value 'false' instead.
2024-07-10 17:57:58,644 INFO o.a.j.r.c.ReportGeneratorConfiguration: Property 'jmeter.reportgenerator.exporter.html.filters_only_sample_series' not found, using default value 'true' instead.
2024-07-10 17:57:58,645 INFO o.a.j.r.c.ReportGeneratorConfiguration: Property 'jmeter.reportgenerator.exporter.html.series_filter' not found, using default value '' instead.
2024-07-10 17:57:58,646 INFO o.a.j.r.c.ReportGeneratorConfiguration: Property 'jmeter.reportgenerator.exporter.html.show_controllers_only' not found, using default value 'false' instead.
2024-07-10 17:57:58,734 INFO o.a.j.e.StandardJMeterEngine: Running the test!
2024-07-10 17:57:58,738 INFO o.a.j.s.SampleEvent: List of sample_variables: []
2024-07-10 17:57:58,738 INFO o.a.j.s.SampleEvent: List of sample_variables: []
2024-07-10 17:57:58,761 INFO o.a.j.e.u.CompoundVariable: Note: Function class names must contain the string: '.functions.'
2024-07-10 17:57:58,761 INFO o.a.j.e.u.CompoundVariable: Note: Function class names must not contain the string: '.gui.'
2024-07-10 17:57:59,107 INFO o.a.j.JMeter: Running test (1720601879107)
2024-07-10 17:57:59,202 INFO o.a.j.e.StandardJMeterEngine: Starting ThreadGroup: 1 : Thread Group
2024-07-10 17:57:59,203 INFO o.a.j.e.StandardJMeterEngine: Starting 1 threads for group Thread Group.
2024-07-10 17:57:59,203 INFO o.a.j.e.StandardJMeterEngine: Thread will continue on error
2024-07-10 17:57:59,204 INFO o.a.j.t.ThreadGroup: Starting thread group... number=1 threads=1 ramp-up=1 delayedStart=false
2024-07-10 17:57:59,223 INFO o.a.j.t.ThreadGroup: Started thread group number 1
2024-07-10 17:57:59,224 INFO o.a.j.e.StandardJMeterEngine: All thread groups have been started
2024-07-10 17:57:59,236 INFO o.a.j.t.JMeterThread: Thread started: Thread Group 1-1
2024-07-10 17:57:59,298 INFO o.a.j.p.h.s.HTTPHCAbstractImpl: Local host = DESKTOP-503DDP8
2024-07-10 17:57:59,325 INFO o.a.j.p.h.s.HTTPHC4Impl: HTTP request retry count = 0
2024-07-10 17:57:59,330 INFO o.a.j.s.SampleResult: Note: Sample TimeStamps are START times
2024-07-10 17:57:59,330 INFO o.a.j.s.SampleResult: sampleresult.default.encoding is set to UTF-8
2024-07-10 17:57:59,332 INFO o.a.j.s.SampleResult: sampleresult.useNanoTime=true
2024-07-10 17:57:59,333 INFO o.a.j.s.SampleResult: sampleresult.nanoThreadSleep=5000
2024-07-10 17:58:00,033 INFO o.a.j.r.Summariser: summary +      3 in 00:00:01 =    3.2/s Avg:    83 Min:    27 Max:   176 Err:     2 (66.67%) Active: 1 Started: 1 Finished: 0
2024-07-10 17:58:00,274 INFO o.a.j.t.JMeterThread: Thread is done: Thread Group 1-1
2024-07-10 17:58:00,274 INFO o.a.j.t.JMeterThread: Thread finished: Thread Group 1-1
2024-07-10 17:58:00,279 INFO o.a.j.e.StandardJMeterEngine: Notifying test listeners of end of test
2024-07-10 17:58:00,283 INFO o.a.j.r.Summariser: summary +      6 in 00:00:00 =   23.8/s Avg:    35 Min:    25 Max:    47 Err:     2 (33.33%) Active: 0 Started: 1 Finished: 1
2024-07-10 17:58:00,319 INFO o.a.j.r.Summariser: summary =      9 in 00:00:01 =    7.5/s Avg:    51 Min:    25 Max:   176 Err:     4 (44.44%)
2024-07-10 17:58:00,325 INFO o.a.j.JMeter: Generating Dashboard
2024-07-10 17:58:00,326 INFO o.a.j.r.d.ReportGenerator: Flushing result collector before report Generation
2024-07-10 17:58:00,383 INFO o.a.j.r.p.NormalizerSampleConsumer: Using format, 'ms', to parse timeStamp field
2024-07-10 17:58:00,972 INFO o.a.j.r.p.AbstractSampleConsumer: class org.apache.jmeter.report.processor.AggregateConsumer#stopProducing(): beginDate produced 0 samples
2024-07-10 17:58:00,973 INFO o.a.j.r.p.AbstractSampleConsumer: class org.apache.jmeter.report.processor.AggregateConsumer#stopProducing(): endDate produced 0 samples
2024-07-10 17:58:00,985 INFO o.a.j.r.p.AbstractSampleConsumer: class org.apache.jmeter.report.processor.ApdexSummaryConsumer#stopProducing(): apdexSummary produced 0 samples
2024-07-10 17:58:00,985 INFO o.a.j.r.p.AbstractSampleConsumer: class org.apache.jmeter.report.processor.RequestsSummaryConsumer#stopProducing(): requestsSummary produced 0 samples
2024-07-10 17:58:01,010 INFO o.a.j.r.p.AbstractSampleConsumer: class org.apache.jmeter.report.processor.StatisticsSummaryConsumer#stopProducing(): statisticsSummary produced 0 samples
2024-07-10 17:58:01,025 INFO o.a.j.r.p.AbstractSampleConsumer: class org.apache.jmeter.report.processor.Top5ErrorsBySamplerConsumer#stopProducing(): top5ErrorsBySampler produced 0 samples
2024-07-10 17:58:01,026 INFO o.a.j.r.p.AbstractSampleConsumer: class org.apache.jmeter.report.processor.ErrorsSummaryConsumer#stopProducing(): errorsSummary produced 0 samples
2024-07-10 17:58:01,027 INFO o.a.j.r.p.AbstractSampleConsumer: class org.apache.jmeter.report.processor.graph.impl.HitsPerSecondGraphConsumer#stopProducing(): hitsPerSecond produced 0 samples
2024-07-10 17:58:01,119 INFO o.a.j.r.p.AbstractSampleConsumer: class org.apache.jmeter.report.processor.graph.impl.LatencyVSRequestGraphConsumer#stopProducing(): latencyVsRequest produced 0 samples
2024-07-10 17:58:01,121 INFO o.a.j.r.p.AbstractSampleConsumer: class org.apache.jmeter.report.processor.graph.impl.SyntheticResponseTimeDistributionGraphConsumer#stopProducing(): syntheticResponseTimeDistribution produced 0 samples
2024-07-10 17:58:01,123 INFO o.a.j.r.p.AbstractSampleConsumer: class org.apache.jmeter.report.processor.graph.impl.BytesThroughputGraphConsumer#stopProducing(): bytesThroughputOverTime produced 0 samples
2024-07-10 17:58:01,124 INFO o.a.j.r.p.AbstractSampleConsumer: class org.apache.jmeter.report.processor.graph.impl.CodesPerSecondGraphConsumer#stopProducing(): codesPerSecond produced 0 samples
2024-07-10 17:58:01,165 INFO o.a.j.r.p.AbstractSampleConsumer: class org.apache.jmeter.report.processor.graph.impl.ResponseTimeVSRequestGraphConsumer#stopProducing(): responseTimeVsRequest produced 0 samples
2024-07-10 17:58:01,166 INFO o.a.j.r.p.AbstractSampleConsumer: class org.apache.jmeter.report.processor.FilterConsumer#stopProducing(): startIntervalControlerFilter produced 63 samples
2024-07-10 17:58:01,166 INFO o.a.j.r.p.AbstractSampleConsumer: class org.apache.jmeter.report.processor.graph.impl.TotalTPSGraphConsumer#stopProducing(): totalTPS produced 0 samples
2024-07-10 17:58:01,167 INFO o.a.j.r.p.AbstractSampleConsumer: class org.apache.jmeter.report.processor.graph.impl.ActiveThreadsGraphConsumer#stopProducing(): activeThreadsOverTime produced 0 samples
2024-07-10 17:58:01,168 INFO o.a.j.r.p.AbstractSampleConsumer: class org.apache.jmeter.report.processor.graph.impl.TimeVSThreadGraphConsumer#stopProducing(): timeVsThreads produced 0 samples
2024-07-10 17:58:01,172 INFO o.a.j.r.p.AbstractSampleConsumer: class org.apache.jmeter.report.processor.graph.impl.ResponseTimeDistributionGraphConsumer#stopProducing(): responseTimeDistribution produced 0 samples
2024-07-10 17:58:01,172 INFO o.a.j.r.p.AbstractSampleConsumer: class org.apache.jmeter.report.processor.graph.impl.TransactionsPerSecondGraphConsumer#stopProducing(): transactionsPerSecond produced 0 samples
2024-07-10 17:58:01,173 INFO o.a.j.r.p.AbstractSampleConsumer: class org.apache.jmeter.report.processor.graph.impl.ResponseTimePercentilesGraphConsumer#stopProducing(): responseTimePercentiles produced 0 samples
2024-07-10 17:58:01,183 INFO o.a.j.r.p.AbstractSampleConsumer: class org.apache.jmeter.report.processor.graph.impl.ResponseTimePercentilesOverTimeGraphConsumer#stopProducing(): responseTimePercentilesOverTime produced 0 samples
2024-07-10 17:58:01,183 INFO o.a.j.r.p.AbstractSampleConsumer: class org.apache.jmeter.report.processor.graph.impl.ResponseTimeOverTimeGraphConsumer#stopProducing(): responseTimesOverTime produced 0 samples
2024-07-10 17:58:01,184 INFO o.a.j.r.p.AbstractSampleConsumer: class org.apache.jmeter.report.processor.graph.impl.ConnectTimeOverTimeGraphConsumer#stopProducing(): connectTimeOverTime produced 0 samples
2024-07-10 17:58:01,185 INFO o.a.j.r.p.AbstractSampleConsumer: class org.apache.jmeter.report.processor.graph.impl.LatencyOverTimeGraphConsumer#stopProducing(): latenciesOverTime produced 0 samples
2024-07-10 17:58:01,186 INFO o.a.j.r.p.AbstractSampleConsumer: class org.apache.jmeter.report.processor.FilterConsumer#stopProducing(): nameFilter produced 135 samples
2024-07-10 17:58:01,187 INFO o.a.j.r.p.AbstractSampleConsumer: class org.apache.jmeter.report.processor.FilterConsumer#stopProducing(): dateRangeFilter produced 27 samples
2024-07-10 17:58:01,187 INFO o.a.j.r.p.AbstractSampleConsumer: class org.apache.jmeter.report.processor.NormalizerSampleConsumer#stopProducing(): normalizer produced 9 samples
2024-07-10 17:58:01,190 INFO o.a.j.r.p.CsvFileSampleSource: produce(): 9 samples produced in 705ms on channel 0
2024-07-10 17:58:01,190 INFO o.a.j.r.d.ReportGenerator: Exporting data using exporter:'json' of className:'org.apache.jmeter.report.dashboard.JsonExporter'
2024-07-10 17:58:01,598 INFO o.a.j.r.d.JsonExporter: Found data for consumer statisticsSummary?in context
2024-07-10 17:58:01,599 INFO o.a.j.r.d.JsonExporter: Creating statistics for overall
2024-07-10 17:58:01,602 INFO o.a.j.r.d.JsonExporter: Creating statistics for other transactions
2024-07-10 17:58:01,604 INFO o.a.j.r.d.JsonExporter: Checking output folder
2024-07-10 17:58:01,608 INFO o.a.j.r.d.JsonExporter: Writing statistics JSON to C:\apache-jmeter-5.6.3\apache-jmeter-5.6.3\bin\class_test_file\dmoney_load_tst_jmeter\Reports\statistics.json
2024-07-10 17:58:01,895 INFO o.a.j.r.d.ReportGenerator: Exporting data using exporter:'html' of className:'org.apache.jmeter.report.dashboard.HtmlTemplateExporter'
2024-07-10 17:58:01,904 INFO o.a.j.r.d.HtmlTemplateExporter: Will generate dashboard in folder: C:\apache-jmeter-5.6.3\apache-jmeter-5.6.3\bin\class_test_file\dmoney_load_tst_jmeter\Reports
2024-07-10 17:58:03,012 INFO o.a.j.r.d.HtmlTemplateExporter: Report will be generated in: C:\apache-jmeter-5.6.3\apache-jmeter-5.6.3\bin\class_test_file\dmoney_load_tst_jmeter\Reports, creating folder structure
2024-07-10 17:58:03,034 INFO o.a.j.r.d.TemplateVisitor: Copying folder from 'C:\Users\SENS\Downloads\apache-jmeter-5.6.3\apache-jmeter-5.6.3\bin\report-template' to 'C:\apache-jmeter-5.6.3\apache-jmeter-5.6.3\bin\class_test_file\dmoney_load_tst_jmeter\Reports', got message: C:\apache-jmeter-5.6.3\apache-jmeter-5.6.3\bin\class_test_file\dmoney_load_tst_jmeter\Reports, found non empty folder with following content [C:\apache-jmeter-5.6.3\apache-jmeter-5.6.3\bin\class_test_file\dmoney_load_tst_jmeter\Reports\statistics.json], will be ignored
2024-07-10 17:58:05,053 INFO o.a.j.JMeter: Dashboard generated
